<?xml version="1.0" encoding="UTF-8"?>
<!-- Generated by org.testng.reporters.JUnitXMLReporter -->
<testsuite hostname="iMac-DABSP.local" ignored="4" name="Default test" tests="1" failures="0" timestamp="02 Jan 2021 08:08:23 GMT" time="3.969" errors="0">
  <testcase name="getEmployeeDetail" time="3.948" classname="TestProjects.EmployeeAPI_Test_Project.TestCases"/>
  <testcase name="createEmployee_Positive" time="0.0" classname="TestProjects.EmployeeAPI_Test_Project.TestCases">
    <ignored/>
  </testcase> <!-- createEmployee_Positive -->
  <testcase name="getEmployee_Positive" time="0.0" classname="TestProjects.EmployeeAPI_Test_Project.TestCases">
    <ignored/>
  </testcase> <!-- getEmployee_Positive -->
  <testcase name="deleteEmployee" time="0.0" classname="TestProjects.EmployeeAPI_Test_Project.TestCases">
    <ignored/>
  </testcase> <!-- deleteEmployee -->
  <testcase name="updateEmployee" time="0.0" classname="TestProjects.EmployeeAPI_Test_Project.TestCases">
    <ignored/>
  </testcase> <!-- updateEmployee -->
</testsuite> <!-- Default test -->
