<?xml version="1.0" encoding="UTF-8"?>
<testng-results skipped="0" failed="0" ignored="3" total="4" passed="1">
  <reporter-output>
  </reporter-output>
  <suite name="Default suite" duration-ms="2150" started-at="2019-06-20T20:45:43Z" finished-at="2019-06-20T20:45:45Z">
    <groups>
    </groups>
    <test name="Default test" duration-ms="2150" started-at="2019-06-20T20:45:43Z" finished-at="2019-06-20T20:45:45Z">
      <class name="TestProjects.EmployeeAPI_Test_Project.TestCases">
        <test-method status="PASS" signature="createEmployee_Positive()[pri:0, instance:TestProjects.EmployeeAPI_Test_Project.TestCases@685cb137]" name="createEmployee_Positive" duration-ms="2127" started-at="2019-06-20T20:45:43Z" finished-at="2019-06-20T20:45:45Z">
          <reporter-output>
          </reporter-output>
        </test-method> <!-- createEmployee_Positive -->
      </class> <!-- TestProjects.EmployeeAPI_Test_Project.TestCases -->
    </test> <!-- Default test -->
  </suite> <!-- Default suite -->
</testng-results>
